<?xml version="1.0" encoding="UTF-8"?>
<testsuite name="com.zerobase.convey.service.ConveniencePayServiceTest" tests="1" skipped="0" failures="0" errors="0" timestamp="2024-03-04T07:59:47" hostname="jeonmingyeong-ui-MacBookPro.local" time="0.008">
  <properties/>
  <testcase name="pay_success()" classname="com.zerobase.convey.service.ConveniencePayServiceTest" time="0.008"/>
  <system-out><![CDATA[]]></system-out>
  <system-err><![CDATA[]]></system-err>
</testsuite>
